<?xml version="1.0" encoding="UTF-8"?>
<!-- Generated by org.testng.reporters.JUnitReportReporter -->
<testsuite hostname="GOUTAM2021" failures="0" tests="5" name="Test.Day4" time="0.025" errors="0" timestamp="2024-06-08T23:43:29 IST" skipped="0">
  <testcase classname="Test.Day4" name="LoginAPICarLoan" time="0.008"/>
  <system-out/>
  <testcase classname="Test.Day4" name="MobileloginCarLoan" time="0.005"/>
  <system-out/>
  <testcase classname="Test.Day4" name="WebloginHomeLoan" time="0.002"/>
  <system-out/>
  <testcase classname="Test.Day4" name="LoginAPICarLoan" time="0.008"/>
  <system-out/>
  <testcase classname="Test.Day4" name="LoginAPICarLoan" time="0.002"/>
  <system-out/>
</testsuite> <!-- Test.Day4 -->
