<?xml version="1.0" encoding="UTF-8"?>
<!-- Generated by org.testng.reporters.JUnitReportReporter -->
<testsuite hostname="GOUTAM2021" failures="0" tests="2" name="Test.Day1" time="0.020" errors="0" timestamp="2024-06-08T23:43:29 IST" skipped="0">
  <testcase classname="Test.Day1" name="SecondTest" time="0.010"/>
  <system-out/>
  <testcase classname="Test.Day1" name="Demo" time="0.010"/>
  <system-out/>
</testsuite> <!-- Test.Day1 -->
