<?xml version="1.0" encoding="UTF-8"?>
<!-- Generated by org.testng.reporters.JUnitReportReporter -->
<testsuite hostname="GOUTAM2021" failures="0" tests="5" name="Test.Day3" time="0.036" errors="0" timestamp="2024-06-08T23:43:29 IST" skipped="1">
  <testcase classname="Test.Day3" name="MobileloginCarLoan" time="0.006"/>
  <system-out/>
  <testcase classname="Test.Day3" name="WebloginCarLoan" time="0.014"/>
  <system-out/>
  <testcase classname="Test.Day3" name="LoginAPICarLoan" time="0.003"/>
  <system-out/>
  <testcase classname="Test.Day3" name="MobilesignoutCarLoan" time="0.013"/>
  <system-out/>
  <testcase classname="Test.Day3" name="MobilesignCarLoan">
    <skipped/>
  </testcase> <!-- MobilesignCarLoan -->
  <system-out/>
</testsuite> <!-- Test.Day3 -->
