<?xml version="1.0" encoding="UTF-8"?>
<!-- Generated by org.testng.reporters.JUnitReportReporter -->
<testsuite hostname="GOUTAM2021" failures="0" tests="1" name="rahulshettyacademy.ExtentReports.ExtentReportDemo" time="10.856" errors="0" timestamp="2024-06-27T11:22:21 IST" skipped="0">
  <testcase classname="rahulshettyacademy.ExtentReports.ExtentReportDemo" name="initialDemo" time="10.856"/>
</testsuite> <!-- rahulshettyacademy.ExtentReports.ExtentReportDemo -->
